2016.09.13 11:18 B D:\Web\MD Negocios Imob\web\imagens\whats.png <-- FELTRIN YAMAHA /Web/imagens whats.png
2016.09.19 08:34 B D:\Web\MD Negocios Imob\web\imagens\bt-favorito.png --> ftp.pentecweb.com.br /pentecweb1/web/md/imagens bt-favorito.png
2016.09.19 08:34 B D:\Web\MD Negocios Imob\web\imagens\bt-favorito1.png --> ftp.pentecweb.com.br /pentecweb1/web/md/imagens bt-favorito1.png
2016.09.19 08:34 B D:\Web\MD Negocios Imob\web\imagens\bt-indique.png --> ftp.pentecweb.com.br /pentecweb1/web/md/imagens bt-indique.png
2016.09.19 08:34 B D:\Web\MD Negocios Imob\web\imagens\bt-indique1.png --> ftp.pentecweb.com.br /pentecweb1/web/md/imagens bt-indique1.png
2016.09.19 08:34 B D:\Web\MD Negocios Imob\web\imagens\bt-proposta.png --> ftp.pentecweb.com.br /pentecweb1/web/md/imagens bt-proposta.png
2016.09.19 08:34 B D:\Web\MD Negocios Imob\web\imagens\bt-proposta1.png --> ftp.pentecweb.com.br /pentecweb1/web/md/imagens bt-proposta1.png
2016.09.19 08:34 B D:\Web\MD Negocios Imob\web\imagens\fone.png --> ftp.pentecweb.com.br /pentecweb1/web/md/imagens fone.png
2016.09.19 08:34 B D:\Web\MD Negocios Imob\web\imagens\home.jpg --> ftp.pentecweb.com.br /pentecweb1/web/md/imagens home.jpg
2016.09.19 08:34 B D:\Web\MD Negocios Imob\web\imagens\ico-home1.jpg --> ftp.pentecweb.com.br /pentecweb1/web/md/imagens ico-home1.jpg
2016.09.19 08:34 B D:\Web\MD Negocios Imob\web\imagens\ico-home2.jpg --> ftp.pentecweb.com.br /pentecweb1/web/md/imagens ico-home2.jpg
2016.09.19 08:34 B D:\Web\MD Negocios Imob\web\imagens\ico-home3.jpg --> ftp.pentecweb.com.br /pentecweb1/web/md/imagens ico-home3.jpg
2016.09.19 08:34 B D:\Web\MD Negocios Imob\web\imagens\ico-lipa.png --> ftp.pentecweb.com.br /pentecweb1/web/md/imagens ico-lipa.png
2016.09.19 08:34 B D:\Web\MD Negocios Imob\web\imagens\ico-lupa2.png --> ftp.pentecweb.com.br /pentecweb1/web/md/imagens ico-lupa2.png
2016.09.19 08:34 B D:\Web\MD Negocios Imob\web\imagens\ilustra1.jpg --> ftp.pentecweb.com.br /pentecweb1/web/md/imagens ilustra1.jpg
2016.09.19 08:34 B D:\Web\MD Negocios Imob\web\imagens\ilustra2.jpg --> ftp.pentecweb.com.br /pentecweb1/web/md/imagens ilustra2.jpg
2016.09.19 08:34 B D:\Web\MD Negocios Imob\web\imagens\ilustra3.jpg --> ftp.pentecweb.com.br /pentecweb1/web/md/imagens ilustra3.jpg
2016.09.19 08:34 B D:\Web\MD Negocios Imob\web\imagens\institucional-sobre.jpg --> ftp.pentecweb.com.br /pentecweb1/web/md/imagens institucional-sobre.jpg
2016.09.19 08:34 B D:\Web\MD Negocios Imob\web\imagens\institucional-trabalheconosco.jpg --> ftp.pentecweb.com.br /pentecweb1/web/md/imagens institucional-trabalheconosco.jpg
2016.09.19 08:34 B D:\Web\MD Negocios Imob\web\imagens\localizacao.jpg --> ftp.pentecweb.com.br /pentecweb1/web/md/imagens localizacao.jpg
2016.09.19 08:34 B D:\Web\MD Negocios Imob\web\imagens\logo-768.png --> ftp.pentecweb.com.br /pentecweb1/web/md/imagens logo-768.png
2016.09.19 08:34 B D:\Web\MD Negocios Imob\web\imagens\logo-rodape.png --> ftp.pentecweb.com.br /pentecweb1/web/md/imagens logo-rodape.png
2016.09.19 08:34 B D:\Web\MD Negocios Imob\web\imagens\logo.png --> ftp.pentecweb.com.br /pentecweb1/web/md/imagens logo.png
2016.09.19 08:34 B D:\Web\MD Negocios Imob\web\imagens\servicos-contato.jpg --> ftp.pentecweb.com.br /pentecweb1/web/md/imagens servicos-contato.jpg
2016.09.19 08:34 B D:\Web\MD Negocios Imob\web\imagens\servicos-simuladores.jpg --> ftp.pentecweb.com.br /pentecweb1/web/md/imagens servicos-simuladores.jpg
2016.09.19 08:34 B D:\Web\MD Negocios Imob\web\imagens\seta1.png --> ftp.pentecweb.com.br /pentecweb1/web/md/imagens seta1.png
2016.09.19 08:34 B D:\Web\MD Negocios Imob\web\imagens\whats.png --> ftp.pentecweb.com.br /pentecweb1/web/md/imagens whats.png
2016.09.19 08:34 B D:\Web\MD Negocios Imob\web\imagens\WS_FTP.LOG --> ftp.pentecweb.com.br /pentecweb1/web/md/imagens WS_FTP.LOG
2016.09.29 11:13 B D:\Web\MD Negocios Imob\web\imagens\ico-favoritos.png --> ftp.pentecweb.com.br /pentecweb1/web/md/imagens ico-favoritos.png
2016.09.29 11:21 B D:\Web\MD Negocios Imob\web\imagens\ico-facebook.png --> ftp.pentecweb.com.br /pentecweb1/web/md/imagens ico-facebook.png
2016.09.29 11:46 B D:\Web\MD Negocios Imob\web\imagens\ico-istagram.png --> ftp.pentecweb.com.br /pentecweb1/web/md/imagens ico-istagram.png
2016.09.29 11:46 B D:\Web\MD Negocios Imob\web\imagens\ico-facebook.png --> ftp.pentecweb.com.br /pentecweb1/web/md/imagens ico-facebook.png
2016.09.29 11:49 B D:\Web\MD Negocios Imob\web\imagens\ico-facebook.png --> ftp.pentecweb.com.br /pentecweb1/web/md/imagens ico-facebook.png
2016.09.29 11:49 B D:\Web\MD Negocios Imob\web\imagens\ico-instagram.png --> ftp.pentecweb.com.br /pentecweb1/web/md/imagens ico-instagram.png
2016.09.29 11:53 B D:\Web\MD Negocios Imob\web\imagens\ico-facebook.png --> ftp.pentecweb.com.br /pentecweb1/web/md/imagens ico-facebook.png
2016.09.29 11:54 B D:\Web\MD Negocios Imob\web\imagens\ico-facebook.png --> ftp.pentecweb.com.br /pentecweb1/web/md/imagens ico-facebook.png
2016.09.29 13:46 B D:\Web\MD Negocios Imob\web\imagens\ico-lupa3.png --> ftp.pentecweb.com.br /pentecweb1/web/md/imagens ico-lupa3.png
2016.09.30 08:40 B D:\Web\MD Negocios Imob\web\imagens\bt-radiooff.png --> ftp.pentecweb.com.br /pentecweb1/web/md/imagens bt-radiooff.png
2016.09.30 08:40 B D:\Web\MD Negocios Imob\web\imagens\bt-radioon.png --> ftp.pentecweb.com.br /pentecweb1/web/md/imagens bt-radioon.png
2016.09.30 09:42 B D:\Web\MD Negocios Imob\web\imagens\aspas2.png --> ftp.pentecweb.com.br /pentecweb1/web/md/imagens aspas2.png
2016.09.30 09:42 B D:\Web\MD Negocios Imob\web\imagens\aspas1.png --> ftp.pentecweb.com.br /pentecweb1/web/md/imagens aspas1.png
2016.09.30 10:58 B D:\Web\MD Negocios Imob\web\imagens\institucional-depoimentos.jpg --> ftp.pentecweb.com.br /pentecweb1/web/md/imagens institucional-depoimentos.jpg
2016.09.30 11:01 B D:\Web\MD Negocios Imob\web\imagens\institucional-localizacao.jpg --> ftp.pentecweb.com.br /pentecweb1/web/md/imagens institucional-localizacao.jpg
2016.09.30 11:20 B D:\Web\MD Negocios Imob\web\imagens\institucional-trabalheconosco.jpg --> ftp.pentecweb.com.br /pentecweb1/web/md/imagens institucional-trabalheconosco.jpg
2016.09.30 11:21 B D:\Web\MD Negocios Imob\web\imagens\faleconosco.jpg --> ftp.pentecweb.com.br /pentecweb1/web/md/imagens faleconosco.jpg
2016.09.30 11:28 B D:\Web\MD Negocios Imob\web\imagens\favoritos.jpg --> ftp.pentecweb.com.br /pentecweb1/web/md/imagens favoritos.jpg
2016.09.30 11:31 B D:\Web\MD Negocios Imob\web\imagens\favoritos.jpg --> ftp.pentecweb.com.br /pentecweb1/web/md/imagens favoritos.jpg
2016.10.03 14:55 B D:\Web\MD Negocios Imob\web\imagens\bt-proxima.png --> ftp.pentecweb.com.br /pentecweb1/web/md/imagens bt-proxima.png
2016.10.03 14:55 B D:\Web\MD Negocios Imob\web\imagens\bt-anterior.png --> ftp.pentecweb.com.br /pentecweb1/web/md/imagens bt-anterior.png
2016.10.06 10:35 B D:\Web\MD Negocios Imob\web\imagens\aspas1.png --> ftp.md.provisorio.ws /web/imagens aspas1.png
2016.10.06 10:35 B D:\Web\MD Negocios Imob\web\imagens\aspas2.png --> ftp.md.provisorio.ws /web/imagens aspas2.png
2016.10.06 10:35 B D:\Web\MD Negocios Imob\web\imagens\bt-anterior.png --> ftp.md.provisorio.ws /web/imagens bt-anterior.png
2016.10.06 10:35 B D:\Web\MD Negocios Imob\web\imagens\bt-favorito.png --> ftp.md.provisorio.ws /web/imagens bt-favorito.png
2016.10.06 10:35 B D:\Web\MD Negocios Imob\web\imagens\bt-favorito1.png --> ftp.md.provisorio.ws /web/imagens bt-favorito1.png
2016.10.06 10:35 B D:\Web\MD Negocios Imob\web\imagens\bt-indique.png --> ftp.md.provisorio.ws /web/imagens bt-indique.png
2016.10.06 10:35 B D:\Web\MD Negocios Imob\web\imagens\bt-indique1.png --> ftp.md.provisorio.ws /web/imagens bt-indique1.png
2016.10.06 10:35 B D:\Web\MD Negocios Imob\web\imagens\bt-proposta.png --> ftp.md.provisorio.ws /web/imagens bt-proposta.png
2016.10.06 10:35 B D:\Web\MD Negocios Imob\web\imagens\bt-proposta1.png --> ftp.md.provisorio.ws /web/imagens bt-proposta1.png
2016.10.06 10:35 B D:\Web\MD Negocios Imob\web\imagens\bt-proxima.png --> ftp.md.provisorio.ws /web/imagens bt-proxima.png
2016.10.06 10:35 B D:\Web\MD Negocios Imob\web\imagens\bt-radiooff.png --> ftp.md.provisorio.ws /web/imagens bt-radiooff.png
2016.10.06 10:35 B D:\Web\MD Negocios Imob\web\imagens\bt-radioon.png --> ftp.md.provisorio.ws /web/imagens bt-radioon.png
2016.10.06 10:35 B D:\Web\MD Negocios Imob\web\imagens\faleconosco.jpg --> ftp.md.provisorio.ws /web/imagens faleconosco.jpg
2016.10.06 10:35 B D:\Web\MD Negocios Imob\web\imagens\favoritos.jpg --> ftp.md.provisorio.ws /web/imagens favoritos.jpg
2016.10.06 10:35 B D:\Web\MD Negocios Imob\web\imagens\fone.png --> ftp.md.provisorio.ws /web/imagens fone.png
2016.10.06 10:35 B D:\Web\MD Negocios Imob\web\imagens\home.jpg --> ftp.md.provisorio.ws /web/imagens home.jpg
2016.10.06 10:35 B D:\Web\MD Negocios Imob\web\imagens\ico-facebook.png --> ftp.md.provisorio.ws /web/imagens ico-facebook.png
2016.10.06 10:35 B D:\Web\MD Negocios Imob\web\imagens\ico-favoritos.png --> ftp.md.provisorio.ws /web/imagens ico-favoritos.png
2016.10.06 10:35 B D:\Web\MD Negocios Imob\web\imagens\ico-home1.jpg --> ftp.md.provisorio.ws /web/imagens ico-home1.jpg
2016.10.06 10:35 B D:\Web\MD Negocios Imob\web\imagens\ico-home2.jpg --> ftp.md.provisorio.ws /web/imagens ico-home2.jpg
2016.10.06 10:35 B D:\Web\MD Negocios Imob\web\imagens\ico-home3.jpg --> ftp.md.provisorio.ws /web/imagens ico-home3.jpg
2016.10.06 10:35 B D:\Web\MD Negocios Imob\web\imagens\ico-instagram.png --> ftp.md.provisorio.ws /web/imagens ico-instagram.png
2016.10.06 10:35 B D:\Web\MD Negocios Imob\web\imagens\ico-lipa.png --> ftp.md.provisorio.ws /web/imagens ico-lipa.png
2016.10.06 10:35 B D:\Web\MD Negocios Imob\web\imagens\ico-lupa2.png --> ftp.md.provisorio.ws /web/imagens ico-lupa2.png
2016.10.06 10:35 B D:\Web\MD Negocios Imob\web\imagens\ico-lupa3.png --> ftp.md.provisorio.ws /web/imagens ico-lupa3.png
2016.10.06 10:35 B D:\Web\MD Negocios Imob\web\imagens\ilustra1.jpg --> ftp.md.provisorio.ws /web/imagens ilustra1.jpg
2016.10.06 10:35 B D:\Web\MD Negocios Imob\web\imagens\ilustra2.jpg --> ftp.md.provisorio.ws /web/imagens ilustra2.jpg
2016.10.06 10:35 B D:\Web\MD Negocios Imob\web\imagens\ilustra3.jpg --> ftp.md.provisorio.ws /web/imagens ilustra3.jpg
2016.10.06 10:35 B D:\Web\MD Negocios Imob\web\imagens\institucional-depoimentos.jpg --> ftp.md.provisorio.ws /web/imagens institucional-depoimentos.jpg
2016.10.06 10:35 B D:\Web\MD Negocios Imob\web\imagens\institucional-localizacao.jpg --> ftp.md.provisorio.ws /web/imagens institucional-localizacao.jpg
2016.10.06 10:35 B D:\Web\MD Negocios Imob\web\imagens\institucional-sobre.jpg --> ftp.md.provisorio.ws /web/imagens institucional-sobre.jpg
2016.10.06 10:35 B D:\Web\MD Negocios Imob\web\imagens\institucional-trabalheconosco.jpg --> ftp.md.provisorio.ws /web/imagens institucional-trabalheconosco.jpg
2016.10.06 10:35 B D:\Web\MD Negocios Imob\web\imagens\logo-768.png --> ftp.md.provisorio.ws /web/imagens logo-768.png
2016.10.06 10:35 B D:\Web\MD Negocios Imob\web\imagens\logo-rodape.png --> ftp.md.provisorio.ws /web/imagens logo-rodape.png
2016.10.06 10:35 B D:\Web\MD Negocios Imob\web\imagens\logo.png --> ftp.md.provisorio.ws /web/imagens logo.png
2016.10.06 10:35 B D:\Web\MD Negocios Imob\web\imagens\servicos-simuladores.jpg --> ftp.md.provisorio.ws /web/imagens servicos-simuladores.jpg
2016.10.06 10:35 B D:\Web\MD Negocios Imob\web\imagens\seta1.png --> ftp.md.provisorio.ws /web/imagens seta1.png
2016.10.06 10:35 B D:\Web\MD Negocios Imob\web\imagens\whats.png --> ftp.md.provisorio.ws /web/imagens whats.png
